<?xml version="1.0" encoding="UTF-8"?>
<testsuites>
	<testsuite tests="10" failures="0" time="0.000000" name="github.com/ministryofjustice/opg-s3-antivirus/cmd/opg-s3-antivirus">
		<properties>
			<property name="go.version" value="go1.18.3 darwin/amd64"></property>
		</properties>
		<testcase classname="github.com/ministryofjustice/opg-s3-antivirus/cmd/opg-s3-antivirus" name="TestHandleEvent" time="0.000000"></testcase>
		<testcase classname="github.com/ministryofjustice/opg-s3-antivirus/cmd/opg-s3-antivirus" name="TestHandleEventPass" time="0.000000"></testcase>
		<testcase classname="github.com/ministryofjustice/opg-s3-antivirus/cmd/opg-s3-antivirus" name="TestHandleEventHandlesDuplicateTags" time="0.000000"></testcase>
		<testcase classname="github.com/ministryofjustice/opg-s3-antivirus/cmd/opg-s3-antivirus" name="TestReportsFailedUnescape" time="0.000000"></testcase>
		<testcase classname="github.com/ministryofjustice/opg-s3-antivirus/cmd/opg-s3-antivirus" name="TestReportsFailedDownload" time="0.000000"></testcase>
		<testcase classname="github.com/ministryofjustice/opg-s3-antivirus/cmd/opg-s3-antivirus" name="TestReportsFailedScan" time="0.000000"></testcase>
		<testcase classname="github.com/ministryofjustice/opg-s3-antivirus/cmd/opg-s3-antivirus" name="TestReportsFailedGetTags" time="0.000000"></testcase>
		<testcase classname="github.com/ministryofjustice/opg-s3-antivirus/cmd/opg-s3-antivirus" name="TestReportsFailedPutTags" time="0.000000"></testcase>
		<testcase classname="github.com/ministryofjustice/opg-s3-antivirus/cmd/opg-s3-antivirus" name="TestDownloadDefinitions" time="0.000000"></testcase>
		<testcase classname="github.com/ministryofjustice/opg-s3-antivirus/cmd/opg-s3-antivirus" name="TestDownloadDefinitionsWhenError" time="0.000000"></testcase>
	</testsuite>
	<testsuite tests="2" failures="0" time="0.000000" name="github.com/ministryofjustice/opg-s3-antivirus/cmd/opg-s3-antivirus-update">
		<properties>
			<property name="go.version" value="go1.18.3 darwin/amd64"></property>
		</properties>
		<testcase classname="github.com/ministryofjustice/opg-s3-antivirus/cmd/opg-s3-antivirus-update" name="TestHandleEvent" time="0.000000"></testcase>
		<testcase classname="github.com/ministryofjustice/opg-s3-antivirus/cmd/opg-s3-antivirus-update" name="TestHandleEventFirstRun" time="0.000000"></testcase>
	</testsuite>
</testsuites>